--------------------------------------------------
Processing started: 2021-02-02 19:03:14.4244888
--------------------------------------------------
Input Line#1 Value[1] is: 100
Input Line#1 Value[2] is: 200
Input Line#1 Value[3] is: 150
The sum of the values in the line #1 is: 450
Input Line#2 Value[1] is: 140
Input Line#2 Value[2] is: 120
Input Line#2 Value[3] is: 130
The sum of the values in the line #2 is: 390
Input Line#3 Value[1] is: 1
Input Line#3 Value[2] is: 2
Input Line#3 Value[3] is: 3
Input Line#3 Value[4] is: 4
Input Line#3 Value[5] is: 5
Input Line#3 Value[6] is: 6
Input Line#3 Value[7] is: 7
Input Line#3 Value[8] is: 8
Input Line#3 Value[9] is: 9
The sum of the values in the line #3 is: 45
Input Line#4 Value[1] is: 90
Input Line#4 Value[2] is: 80
Input Line#4 Value[3] is: 70
Input Line#4 Value[4] is: 60
The sum of the values in the line #4 is: 300
--------------------------------------------------
Processing ended:   2021-02-02 19:03:14.4284782
--------------------------------------------------
